<?xml version="1.0" encoding="UTF-8"?>
<testsuite xmlns:xsi="http://www.w3.org/2001/XMLSchema-instance" xsi:noNamespaceSchemaLocation="https://maven.apache.org/surefire/maven-surefire-plugin/xsd/surefire-test-report.xsd" name="blissProject.core.servlets.SimpleServletTest" time="0.019" tests="1" errors="0" skipped="0" failures="0">
  <properties>
    <property name="sun.desktop" value="windows"/>
    <property name="awt.toolkit" value="sun.awt.windows.WToolkit"/>
    <property name="file.encoding.pkg" value="sun.io"/>
    <property name="java.specification.version" value="1.8"/>
    <property name="sun.cpu.isalist" value="amd64"/>
    <property name="sun.jnu.encoding" value="Cp1252"/>
    <property name="java.class.path" value="C:\Users\tech\.m2\repository\org\apache\maven\surefire\surefire-booter\2.22.1\surefire-booter-2.22.1.jar;C:\Users\tech\.m2\repository\org\apache\maven\surefire\surefire-api\2.22.1\surefire-api-2.22.1.jar;C:\Users\tech\.m2\repository\org\apache\maven\surefire\surefire-logger-api\2.22.1\surefire-logger-api-2.22.1.jar;D:\AEM-Project\blissProject.blissProject\core\target\test-classes;D:\AEM-Project\blissProject.blissProject\core\target\classes;C:\Users\tech\.m2\repository\org\osgi\org.osgi.annotation.versioning\1.1.0\org.osgi.annotation.versioning-1.1.0.jar;C:\Users\tech\.m2\repository\org\osgi\org.osgi.annotation.bundle\1.0.0\org.osgi.annotation.bundle-1.0.0.jar;C:\Users\tech\.m2\repository\org\osgi\org.osgi.service.metatype.annotations\1.4.0\org.osgi.service.metatype.annotations-1.4.0.jar;C:\Users\tech\.m2\repository\org\osgi\org.osgi.service.component.annotations\1.4.0\org.osgi.service.component.annotations-1.4.0.jar;C:\Users\tech\.m2\repository\org\osgi\org.osgi.service.component\1.4.0\org.osgi.service.component-1.4.0.jar;C:\Users\tech\.m2\repository\org\osgi\org.osgi.service.cm\1.6.0\org.osgi.service.cm-1.6.0.jar;C:\Users\tech\.m2\repository\org\osgi\org.osgi.service.event\1.3.1\org.osgi.service.event-1.3.1.jar;C:\Users\tech\.m2\repository\org\osgi\org.osgi.service.log\1.4.0\org.osgi.service.log-1.4.0.jar;C:\Users\tech\.m2\repository\org\osgi\org.osgi.framework\1.9.0\org.osgi.framework-1.9.0.jar;C:\Users\tech\.m2\repository\org\osgi\org.osgi.resource\1.0.0\org.osgi.resource-1.0.0.jar;C:\Users\tech\.m2\repository\org\slf4j\slf4j-api\1.7.21\slf4j-api-1.7.21.jar;C:\Users\tech\.m2\repository\javax\jcr\jcr\2.0\jcr-2.0.jar;C:\Users\tech\.m2\repository\javax\servlet\javax.servlet-api\3.1.0\javax.servlet-api-3.1.0.jar;C:\Users\tech\.m2\repository\javax\annotation\javax.annotation-api\1.3.2\javax.annotation-api-1.3.2.jar;C:\Users\tech\.m2\repository\com\adobe\aem\uber-jar\6.5.0\uber-jar-6.5.0-apis.jar;C:\Users\tech\.m2\repository\org\apache\sling\org.apache.sling.models.api\1.3.6\org.apache.sling.models.api-1.3.6.jar;C:\Users\tech\.m2\repository\org\junit\jupiter\junit-jupiter\5.4.1\junit-jupiter-5.4.1.jar;C:\Users\tech\.m2\repository\org\junit\jupiter\junit-jupiter-api\5.4.1\junit-jupiter-api-5.4.1.jar;C:\Users\tech\.m2\repository\org\apiguardian\apiguardian-api\1.0.0\apiguardian-api-1.0.0.jar;C:\Users\tech\.m2\repository\org\opentest4j\opentest4j\1.1.1\opentest4j-1.1.1.jar;C:\Users\tech\.m2\repository\org\junit\platform\junit-platform-commons\1.4.1\junit-platform-commons-1.4.1.jar;C:\Users\tech\.m2\repository\org\junit\jupiter\junit-jupiter-params\5.4.1\junit-jupiter-params-5.4.1.jar;C:\Users\tech\.m2\repository\org\junit\jupiter\junit-jupiter-engine\5.4.1\junit-jupiter-engine-5.4.1.jar;C:\Users\tech\.m2\repository\org\junit\platform\junit-platform-engine\1.4.1\junit-platform-engine-1.4.1.jar;C:\Users\tech\.m2\repository\org\mockito\mockito-core\2.25.1\mockito-core-2.25.1.jar;C:\Users\tech\.m2\repository\net\bytebuddy\byte-buddy\1.9.7\byte-buddy-1.9.7.jar;C:\Users\tech\.m2\repository\net\bytebuddy\byte-buddy-agent\1.9.7\byte-buddy-agent-1.9.7.jar;C:\Users\tech\.m2\repository\org\objenesis\objenesis\2.6\objenesis-2.6.jar;C:\Users\tech\.m2\repository\org\mockito\mockito-junit-jupiter\2.25.1\mockito-junit-jupiter-2.25.1.jar;C:\Users\tech\.m2\repository\junit-addons\junit-addons\1.4\junit-addons-1.4.jar;C:\Users\tech\.m2\repository\junit\junit\3.8.1\junit-3.8.1.jar;C:\Users\tech\.m2\repository\xerces\xercesImpl\2.6.2\xercesImpl-2.6.2.jar;C:\Users\tech\.m2\repository\xerces\xmlParserAPIs\2.6.2\xmlParserAPIs-2.6.2.jar;C:\Users\tech\.m2\repository\io\wcm\io.wcm.testing.aem-mock.junit5\2.5.2\io.wcm.testing.aem-mock.junit5-2.5.2.jar;C:\Users\tech\.m2\repository\io\wcm\io.wcm.testing.aem-mock.core\2.5.2\io.wcm.testing.aem-mock.core-2.5.2.jar;C:\Users\tech\.m2\repository\org\apache\sling\org.apache.sling.api\2.11.0\org.apache.sling.api-2.11.0.jar;C:\Users\tech\.m2\repository\org\apache\jackrabbit\jackrabbit-jcr-commons\2.12.1\jackrabbit-jcr-commons-2.12.1.jar;C:\Users\tech\.m2\repository\org\apache\sling\org.apache.sling.commons.osgi\2.4.0\org.apache.sling.commons.osgi-2.4.0.jar;C:\Users\tech\.m2\repository\org\apache\sling\org.apache.sling.resourceresolver\1.4.8\org.apache.sling.resourceresolver-1.4.8.jar;C:\Users\tech\.m2\repository\org\apache\sling\org.apache.sling.serviceusermapper\1.2.2\org.apache.sling.serviceusermapper-1.2.2.jar;C:\Users\tech\.m2\repository\org\apache\sling\org.apache.sling.jcr.api\2.3.0\org.apache.sling.jcr.api-2.3.0.jar;C:\Users\tech\.m2\repository\org\apache\sling\org.apache.sling.jcr.resource\2.7.4\org.apache.sling.jcr.resource-2.7.4.jar;C:\Users\tech\.m2\repository\org\apache\sling\org.apache.sling.commons.mime\2.1.8\org.apache.sling.commons.mime-2.1.8.jar;C:\Users\tech\.m2\repository\org\apache\sling\org.apache.sling.commons.json\2.0.16\org.apache.sling.commons.json-2.0.16.jar;C:\Users\tech\.m2\repository\org\apache\sling\org.apache.sling.commons.classloader\1.3.2\org.apache.sling.commons.classloader-1.3.2.jar;C:\Users\tech\.m2\repository\org\apache\sling\org.apache.sling.settings\1.3.8\org.apache.sling.settings-1.3.8.jar;C:\Users\tech\.m2\repository\org\apache\sling\org.apache.sling.i18n\2.4.4\org.apache.sling.i18n-2.4.4.jar;C:\Users\tech\.m2\repository\org\apache\sling\org.apache.sling.models.impl\1.2.2\org.apache.sling.models.impl-1.2.2.jar;C:\Users\tech\.m2\repository\commons-beanutils\commons-beanutils\1.8.3\commons-beanutils-1.8.3.jar;C:\Users\tech\.m2\repository\commons-logging\commons-logging\1.1.1\commons-logging-1.1.1.jar;C:\Users\tech\.m2\repository\org\apache\jackrabbit\oak-jcr\1.4.1\oak-jcr-1.4.1.jar;C:\Users\tech\.m2\repository\org\apache\jackrabbit\oak-core\1.4.1\oak-core-1.4.1.jar;C:\Users\tech\.m2\repository\org\apache\jackrabbit\oak-blob\1.4.1\oak-blob-1.4.1.jar;C:\Users\tech\.m2\repository\commons-codec\commons-codec\1.5\commons-codec-1.5.jar;C:\Users\tech\.m2\repository\org\apache\jackrabbit\oak-segment\1.4.1\oak-segment-1.4.1.jar;C:\Users\tech\.m2\repository\org\apache\jackrabbit\oak-commons\1.4.1\oak-commons-1.4.1.jar;C:\Users\tech\.m2\repository\org\apache\jackrabbit\jackrabbit-api\2.12.1\jackrabbit-api-2.12.1.jar;C:\Users\tech\.m2\repository\org\apache\sling\org.apache.sling.testing.jcr-mock\1.4.4\org.apache.sling.testing.jcr-mock-1.4.4.jar;C:\Users\tech\.m2\repository\org\apache\sling\org.apache.sling.testing.osgi-mock.core\2.4.8\org.apache.sling.testing.osgi-mock.core-2.4.8.jar;C:\Users\tech\.m2\repository\commons-io\commons-io\2.4\commons-io-2.4.jar;C:\Users\tech\.m2\repository\org\reflections\reflections\0.9.9\reflections-0.9.9.jar;C:\Users\tech\.m2\repository\org\javassist\javassist\3.18.2-GA\javassist-3.18.2-GA.jar;C:\Users\tech\.m2\repository\org\apache\sling\org.apache.sling.testing.sling-mock.core\2.3.14\org.apache.sling.testing.sling-mock.core-2.3.14.jar;C:\Users\tech\.m2\repository\org\apache\sling\org.apache.sling.scripting.api\2.1.8\org.apache.sling.scripting.api-2.1.8.jar;C:\Users\tech\.m2\repository\org\apache\sling\org.apache.sling.scripting.core\2.0.36\org.apache.sling.scripting.core-2.0.36.jar;C:\Users\tech\.m2\repository\org\apache\sling\org.apache.sling.jcr.contentparser\1.2.6\org.apache.sling.jcr.contentparser-1.2.6.jar;C:\Users\tech\.m2\repository\org\apache\jackrabbit\vault\org.apache.jackrabbit.vault\3.1.18\org.apache.jackrabbit.vault-3.1.18.jar;C:\Users\tech\.m2\repository\org\apache\johnzon\johnzon-core\1.0.0\johnzon-core-1.0.0.jar;C:\Users\tech\.m2\repository\org\apache\sling\org.apache.sling.adapter\2.1.6\org.apache.sling.adapter-2.1.6.jar;C:\Users\tech\.m2\repository\org\apache\sling\org.apache.sling.resourcebuilder\1.0.4\org.apache.sling.resourcebuilder-1.0.4.jar;C:\Users\tech\.m2\repository\commons-collections\commons-collections\3.2.2\commons-collections-3.2.2.jar;C:\Users\tech\.m2\repository\commons-lang\commons-lang\2.5\commons-lang-2.5.jar;C:\Users\tech\.m2\repository\org\apache\geronimo\specs\geronimo-atinject_1.0_spec\1.0\geronimo-atinject_1.0_spec-1.0.jar;C:\Users\tech\.m2\repository\org\apache\geronimo\specs\geronimo-json_1.1_spec\1.0\geronimo-json_1.1_spec-1.0.jar;C:\Users\tech\.m2\repository\org\apache\sling\org.apache.sling.testing.resourceresolver-mock\1.1.24\org.apache.sling.testing.resourceresolver-mock-1.1.24.jar;C:\Users\tech\.m2\repository\org\apache\sling\org.apache.sling.servlet-helpers\1.2.0\org.apache.sling.servlet-helpers-1.2.0.jar;C:\Users\tech\.m2\repository\org\apache\commons\commons-imaging\1.0-R1534292\commons-imaging-1.0-R1534292.jar;C:\Users\tech\.m2\repository\javax\servlet\jsp\jsp-api\2.1\jsp-api-2.1.jar;C:\Users\tech\.m2\repository\com\day\commons\day-commons-gfx\2.1.28\day-commons-gfx-2.1.28.jar;C:\Users\tech\.m2\repository\com\day\commons\day-commons-any\2.0.0\day-commons-any-2.0.0.jar;C:\Users\tech\.m2\repository\com\day\commons\day-commons-text\1.1.3\day-commons-text-1.1.3.jar;C:\Users\tech\.m2\repository\uk\org\lidalia\slf4j-test\1.0.1\slf4j-test-1.0.1.jar;C:\Users\tech\.m2\repository\uk\org\lidalia\lidalia-lang\1.0.0\lidalia-lang-1.0.0.jar;C:\Users\tech\.m2\repository\org\apache\commons\commons-lang3\3.1\commons-lang3-3.1.jar;C:\Users\tech\.m2\repository\com\google\guava\guava\14.0.1\guava-14.0.1.jar;C:\Users\tech\.m2\repository\uk\org\lidalia\lidalia-slf4j-ext\1.0.0\lidalia-slf4j-ext-1.0.0.jar;C:\Users\tech\.m2\repository\joda-time\joda-time\2.2\joda-time-2.2.jar;C:\Users\tech\.m2\repository\org\apache\maven\surefire\surefire-junit-platform\2.22.1\surefire-junit-platform-2.22.1.jar;C:\Users\tech\.m2\repository\org\junit\platform\junit-platform-launcher\1.3.1\junit-platform-launcher-1.3.1.jar"/>
    <property name="java.vm.vendor" value="Oracle Corporation"/>
    <property name="sun.arch.data.model" value="64"/>
    <property name="user.variant" value=""/>
    <property name="java.vendor.url" value="http://java.oracle.com/"/>
    <property name="user.timezone" value="Asia/Calcutta"/>
    <property name="java.vm.specification.version" value="1.8"/>
    <property name="os.name" value="Windows 10"/>
    <property name="user.country" value="US"/>
    <property name="sun.java.launcher" value="SUN_STANDARD"/>
    <property name="sun.boot.library.path" value="C:\Program Files\Java\jdk1.8.0_321\jre\bin"/>
    <property name="sun.java.command" value="org.apache.maven.surefire.booter.ForkedBooter C:\Users\tech\AppData\Local\Temp\surefire4135375661371979321 2023-06-02T16-39-04_156-jvmRun1 surefire747228376389140524tmp surefire_04287606995982559093tmp"/>
    <property name="surefire.test.class.path" value="D:\AEM-Project\blissProject.blissProject\core\target\test-classes;D:\AEM-Project\blissProject.blissProject\core\target\classes;C:\Users\tech\.m2\repository\org\osgi\org.osgi.annotation.versioning\1.1.0\org.osgi.annotation.versioning-1.1.0.jar;C:\Users\tech\.m2\repository\org\osgi\org.osgi.annotation.bundle\1.0.0\org.osgi.annotation.bundle-1.0.0.jar;C:\Users\tech\.m2\repository\org\osgi\org.osgi.service.metatype.annotations\1.4.0\org.osgi.service.metatype.annotations-1.4.0.jar;C:\Users\tech\.m2\repository\org\osgi\org.osgi.service.component.annotations\1.4.0\org.osgi.service.component.annotations-1.4.0.jar;C:\Users\tech\.m2\repository\org\osgi\org.osgi.service.component\1.4.0\org.osgi.service.component-1.4.0.jar;C:\Users\tech\.m2\repository\org\osgi\org.osgi.service.cm\1.6.0\org.osgi.service.cm-1.6.0.jar;C:\Users\tech\.m2\repository\org\osgi\org.osgi.service.event\1.3.1\org.osgi.service.event-1.3.1.jar;C:\Users\tech\.m2\repository\org\osgi\org.osgi.service.log\1.4.0\org.osgi.service.log-1.4.0.jar;C:\Users\tech\.m2\repository\org\osgi\org.osgi.framework\1.9.0\org.osgi.framework-1.9.0.jar;C:\Users\tech\.m2\repository\org\osgi\org.osgi.resource\1.0.0\org.osgi.resource-1.0.0.jar;C:\Users\tech\.m2\repository\org\slf4j\slf4j-api\1.7.21\slf4j-api-1.7.21.jar;C:\Users\tech\.m2\repository\javax\jcr\jcr\2.0\jcr-2.0.jar;C:\Users\tech\.m2\repository\javax\servlet\javax.servlet-api\3.1.0\javax.servlet-api-3.1.0.jar;C:\Users\tech\.m2\repository\javax\annotation\javax.annotation-api\1.3.2\javax.annotation-api-1.3.2.jar;C:\Users\tech\.m2\repository\com\adobe\aem\uber-jar\6.5.0\uber-jar-6.5.0-apis.jar;C:\Users\tech\.m2\repository\org\apache\sling\org.apache.sling.models.api\1.3.6\org.apache.sling.models.api-1.3.6.jar;C:\Users\tech\.m2\repository\org\junit\jupiter\junit-jupiter\5.4.1\junit-jupiter-5.4.1.jar;C:\Users\tech\.m2\repository\org\junit\jupiter\junit-jupiter-api\5.4.1\junit-jupiter-api-5.4.1.jar;C:\Users\tech\.m2\repository\org\apiguardian\apiguardian-api\1.0.0\apiguardian-api-1.0.0.jar;C:\Users\tech\.m2\repository\org\opentest4j\opentest4j\1.1.1\opentest4j-1.1.1.jar;C:\Users\tech\.m2\repository\org\junit\platform\junit-platform-commons\1.4.1\junit-platform-commons-1.4.1.jar;C:\Users\tech\.m2\repository\org\junit\jupiter\junit-jupiter-params\5.4.1\junit-jupiter-params-5.4.1.jar;C:\Users\tech\.m2\repository\org\junit\jupiter\junit-jupiter-engine\5.4.1\junit-jupiter-engine-5.4.1.jar;C:\Users\tech\.m2\repository\org\junit\platform\junit-platform-engine\1.4.1\junit-platform-engine-1.4.1.jar;C:\Users\tech\.m2\repository\org\mockito\mockito-core\2.25.1\mockito-core-2.25.1.jar;C:\Users\tech\.m2\repository\net\bytebuddy\byte-buddy\1.9.7\byte-buddy-1.9.7.jar;C:\Users\tech\.m2\repository\net\bytebuddy\byte-buddy-agent\1.9.7\byte-buddy-agent-1.9.7.jar;C:\Users\tech\.m2\repository\org\objenesis\objenesis\2.6\objenesis-2.6.jar;C:\Users\tech\.m2\repository\org\mockito\mockito-junit-jupiter\2.25.1\mockito-junit-jupiter-2.25.1.jar;C:\Users\tech\.m2\repository\junit-addons\junit-addons\1.4\junit-addons-1.4.jar;C:\Users\tech\.m2\repository\junit\junit\3.8.1\junit-3.8.1.jar;C:\Users\tech\.m2\repository\xerces\xercesImpl\2.6.2\xercesImpl-2.6.2.jar;C:\Users\tech\.m2\repository\xerces\xmlParserAPIs\2.6.2\xmlParserAPIs-2.6.2.jar;C:\Users\tech\.m2\repository\io\wcm\io.wcm.testing.aem-mock.junit5\2.5.2\io.wcm.testing.aem-mock.junit5-2.5.2.jar;C:\Users\tech\.m2\repository\io\wcm\io.wcm.testing.aem-mock.core\2.5.2\io.wcm.testing.aem-mock.core-2.5.2.jar;C:\Users\tech\.m2\repository\org\apache\sling\org.apache.sling.api\2.11.0\org.apache.sling.api-2.11.0.jar;C:\Users\tech\.m2\repository\org\apache\jackrabbit\jackrabbit-jcr-commons\2.12.1\jackrabbit-jcr-commons-2.12.1.jar;C:\Users\tech\.m2\repository\org\apache\sling\org.apache.sling.commons.osgi\2.4.0\org.apache.sling.commons.osgi-2.4.0.jar;C:\Users\tech\.m2\repository\org\apache\sling\org.apache.sling.resourceresolver\1.4.8\org.apache.sling.resourceresolver-1.4.8.jar;C:\Users\tech\.m2\repository\org\apache\sling\org.apache.sling.serviceusermapper\1.2.2\org.apache.sling.serviceusermapper-1.2.2.jar;C:\Users\tech\.m2\repository\org\apache\sling\org.apache.sling.jcr.api\2.3.0\org.apache.sling.jcr.api-2.3.0.jar;C:\Users\tech\.m2\repository\org\apache\sling\org.apache.sling.jcr.resource\2.7.4\org.apache.sling.jcr.resource-2.7.4.jar;C:\Users\tech\.m2\repository\org\apache\sling\org.apache.sling.commons.mime\2.1.8\org.apache.sling.commons.mime-2.1.8.jar;C:\Users\tech\.m2\repository\org\apache\sling\org.apache.sling.commons.json\2.0.16\org.apache.sling.commons.json-2.0.16.jar;C:\Users\tech\.m2\repository\org\apache\sling\org.apache.sling.commons.classloader\1.3.2\org.apache.sling.commons.classloader-1.3.2.jar;C:\Users\tech\.m2\repository\org\apache\sling\org.apache.sling.settings\1.3.8\org.apache.sling.settings-1.3.8.jar;C:\Users\tech\.m2\repository\org\apache\sling\org.apache.sling.i18n\2.4.4\org.apache.sling.i18n-2.4.4.jar;C:\Users\tech\.m2\repository\org\apache\sling\org.apache.sling.models.impl\1.2.2\org.apache.sling.models.impl-1.2.2.jar;C:\Users\tech\.m2\repository\commons-beanutils\commons-beanutils\1.8.3\commons-beanutils-1.8.3.jar;C:\Users\tech\.m2\repository\commons-logging\commons-logging\1.1.1\commons-logging-1.1.1.jar;C:\Users\tech\.m2\repository\org\apache\jackrabbit\oak-jcr\1.4.1\oak-jcr-1.4.1.jar;C:\Users\tech\.m2\repository\org\apache\jackrabbit\oak-core\1.4.1\oak-core-1.4.1.jar;C:\Users\tech\.m2\repository\org\apache\jackrabbit\oak-blob\1.4.1\oak-blob-1.4.1.jar;C:\Users\tech\.m2\repository\commons-codec\commons-codec\1.5\commons-codec-1.5.jar;C:\Users\tech\.m2\repository\org\apache\jackrabbit\oak-segment\1.4.1\oak-segment-1.4.1.jar;C:\Users\tech\.m2\repository\org\apache\jackrabbit\oak-commons\1.4.1\oak-commons-1.4.1.jar;C:\Users\tech\.m2\repository\org\apache\jackrabbit\jackrabbit-api\2.12.1\jackrabbit-api-2.12.1.jar;C:\Users\tech\.m2\repository\org\apache\sling\org.apache.sling.testing.jcr-mock\1.4.4\org.apache.sling.testing.jcr-mock-1.4.4.jar;C:\Users\tech\.m2\repository\org\apache\sling\org.apache.sling.testing.osgi-mock.core\2.4.8\org.apache.sling.testing.osgi-mock.core-2.4.8.jar;C:\Users\tech\.m2\repository\commons-io\commons-io\2.4\commons-io-2.4.jar;C:\Users\tech\.m2\repository\org\reflections\reflections\0.9.9\reflections-0.9.9.jar;C:\Users\tech\.m2\repository\org\javassist\javassist\3.18.2-GA\javassist-3.18.2-GA.jar;C:\Users\tech\.m2\repository\org\apache\sling\org.apache.sling.testing.sling-mock.core\2.3.14\org.apache.sling.testing.sling-mock.core-2.3.14.jar;C:\Users\tech\.m2\repository\org\apache\sling\org.apache.sling.scripting.api\2.1.8\org.apache.sling.scripting.api-2.1.8.jar;C:\Users\tech\.m2\repository\org\apache\sling\org.apache.sling.scripting.core\2.0.36\org.apache.sling.scripting.core-2.0.36.jar;C:\Users\tech\.m2\repository\org\apache\sling\org.apache.sling.jcr.contentparser\1.2.6\org.apache.sling.jcr.contentparser-1.2.6.jar;C:\Users\tech\.m2\repository\org\apache\jackrabbit\vault\org.apache.jackrabbit.vault\3.1.18\org.apache.jackrabbit.vault-3.1.18.jar;C:\Users\tech\.m2\repository\org\apache\johnzon\johnzon-core\1.0.0\johnzon-core-1.0.0.jar;C:\Users\tech\.m2\repository\org\apache\sling\org.apache.sling.adapter\2.1.6\org.apache.sling.adapter-2.1.6.jar;C:\Users\tech\.m2\repository\org\apache\sling\org.apache.sling.resourcebuilder\1.0.4\org.apache.sling.resourcebuilder-1.0.4.jar;C:\Users\tech\.m2\repository\commons-collections\commons-collections\3.2.2\commons-collections-3.2.2.jar;C:\Users\tech\.m2\repository\commons-lang\commons-lang\2.5\commons-lang-2.5.jar;C:\Users\tech\.m2\repository\org\apache\geronimo\specs\geronimo-atinject_1.0_spec\1.0\geronimo-atinject_1.0_spec-1.0.jar;C:\Users\tech\.m2\repository\org\apache\geronimo\specs\geronimo-json_1.1_spec\1.0\geronimo-json_1.1_spec-1.0.jar;C:\Users\tech\.m2\repository\org\apache\sling\org.apache.sling.testing.resourceresolver-mock\1.1.24\org.apache.sling.testing.resourceresolver-mock-1.1.24.jar;C:\Users\tech\.m2\repository\org\apache\sling\org.apache.sling.servlet-helpers\1.2.0\org.apache.sling.servlet-helpers-1.2.0.jar;C:\Users\tech\.m2\repository\org\apache\commons\commons-imaging\1.0-R1534292\commons-imaging-1.0-R1534292.jar;C:\Users\tech\.m2\repository\javax\servlet\jsp\jsp-api\2.1\jsp-api-2.1.jar;C:\Users\tech\.m2\repository\com\day\commons\day-commons-gfx\2.1.28\day-commons-gfx-2.1.28.jar;C:\Users\tech\.m2\repository\com\day\commons\day-commons-any\2.0.0\day-commons-any-2.0.0.jar;C:\Users\tech\.m2\repository\com\day\commons\day-commons-text\1.1.3\day-commons-text-1.1.3.jar;C:\Users\tech\.m2\repository\uk\org\lidalia\slf4j-test\1.0.1\slf4j-test-1.0.1.jar;C:\Users\tech\.m2\repository\uk\org\lidalia\lidalia-lang\1.0.0\lidalia-lang-1.0.0.jar;C:\Users\tech\.m2\repository\org\apache\commons\commons-lang3\3.1\commons-lang3-3.1.jar;C:\Users\tech\.m2\repository\com\google\guava\guava\14.0.1\guava-14.0.1.jar;C:\Users\tech\.m2\repository\uk\org\lidalia\lidalia-slf4j-ext\1.0.0\lidalia-slf4j-ext-1.0.0.jar;C:\Users\tech\.m2\repository\joda-time\joda-time\2.2\joda-time-2.2.jar;"/>
    <property name="sun.cpu.endian" value="little"/>
    <property name="user.home" value="C:\Users\tech"/>
    <property name="user.language" value="en"/>
    <property name="java.specification.vendor" value="Oracle Corporation"/>
    <property name="java.home" value="C:\Program Files\Java\jdk1.8.0_321\jre"/>
    <property name="basedir" value="D:\AEM-Project\blissProject.blissProject\core"/>
    <property name="file.separator" value="\"/>
    <property name="line.separator" value="&#10;"/>
    <property name="java.vm.specification.vendor" value="Oracle Corporation"/>
    <property name="java.specification.name" value="Java Platform API Specification"/>
    <property name="java.awt.graphicsenv" value="sun.awt.Win32GraphicsEnvironment"/>
    <property name="sun.boot.class.path" value="C:\Program Files\Java\jdk1.8.0_321\jre\lib\resources.jar;C:\Program Files\Java\jdk1.8.0_321\jre\lib\rt.jar;C:\Program Files\Java\jdk1.8.0_321\jre\lib\sunrsasign.jar;C:\Program Files\Java\jdk1.8.0_321\jre\lib\jsse.jar;C:\Program Files\Java\jdk1.8.0_321\jre\lib\jce.jar;C:\Program Files\Java\jdk1.8.0_321\jre\lib\charsets.jar;C:\Program Files\Java\jdk1.8.0_321\jre\lib\jfr.jar;C:\Program Files\Java\jdk1.8.0_321\jre\classes"/>
    <property name="user.script" value=""/>
    <property name="sun.management.compiler" value="HotSpot 64-Bit Tiered Compilers"/>
    <property name="java.runtime.version" value="1.8.0_321-b25"/>
    <property name="user.name" value="tech"/>
    <property name="path.separator" value=";"/>
    <property name="os.version" value="10.0"/>
    <property name="java.endorsed.dirs" value="C:\Program Files\Java\jdk1.8.0_321\jre\lib\endorsed"/>
    <property name="java.runtime.name" value="Java(TM) SE Runtime Environment"/>
    <property name="file.encoding" value="Cp1252"/>
    <property name="java.vm.name" value="Java HotSpot(TM) 64-Bit Server VM"/>
    <property name="localRepository" value="C:\Users\tech\.m2\repository"/>
    <property name="java.vendor.url.bug" value="http://bugreport.sun.com/bugreport/"/>
    <property name="java.io.tmpdir" value="C:\Users\tech\AppData\Local\Temp\"/>
    <property name="java.version" value="1.8.0_321"/>
    <property name="user.dir" value="D:\AEM-Project\blissProject.blissProject\core"/>
    <property name="os.arch" value="amd64"/>
    <property name="java.vm.specification.name" value="Java Virtual Machine Specification"/>
    <property name="java.awt.printerjob" value="sun.awt.windows.WPrinterJob"/>
    <property name="sun.os.patch.level" value=""/>
    <property name="java.library.path" value="C:\Program Files\Java\jdk1.8.0_321\jre\bin;C:\WINDOWS\Sun\Java\bin;C:\WINDOWS\system32;C:\WINDOWS;C:/Users/tech/Downloads/eclipse//plugins/org.eclipse.justj.openjdk.hotspot.jre.full.win32.x86_64_15.0.2.v20210201-0955/jre/bin/server;C:/Users/tech/Downloads/eclipse//plugins/org.eclipse.justj.openjdk.hotspot.jre.full.win32.x86_64_15.0.2.v20210201-0955/jre/bin;C:\ProgramData\Oracle\Java\javapath;C:\WINDOWS\system32;C:\WINDOWS;C:\WINDOWS\System32\Wbem;C:\WINDOWS\System32\WindowsPowerShell\v1.0\;C:\WINDOWS\System32\OpenSSH\;C:\Program Files\apache-maven-3.8.4\bin;C:\Program Files\Java\jdk1.8.0_321\bin;C:\Program Files\Git\cmd;C:\Users\tech\AppData\Local\Microsoft\WindowsApps;C:\Program Files\apache-maven-3.8.4;C:\Program Files\Java\jdk1.8.0_321\bin;;C:\Users\tech\Downloads\eclipse;;."/>
    <property name="java.vm.info" value="mixed mode"/>
    <property name="java.vendor" value="Oracle Corporation"/>
    <property name="java.vm.version" value="25.321-b25"/>
    <property name="java.ext.dirs" value="C:\Program Files\Java\jdk1.8.0_321\jre\lib\ext;C:\WINDOWS\Sun\Java\lib\ext"/>
    <property name="sun.io.unicode.encoding" value="UnicodeLittle"/>
    <property name="java.class.version" value="52.0"/>
  </properties>
  <testcase name="doGet{AemContext}" classname="blissProject.core.servlets.SimpleServletTest" time="0.017"/>
</testsuite>